<?xml version="1.0" encoding="UTF-8"?>
<!-- Generated by org.testng.reporters.JUnitXMLReporter -->
<testsuite ignored="0" hostname="TRANSLATR-V2" failures="0" tests="3" name="Smoke Test" time="70.423" errors="0" timestamp="2024-03-19T00:37:35 EET">
  <testcase classname="tests.TestLogin" name="login_email_and_password" time="8.635"/>
  <testcase classname="tests.Test_Descarca_datele_personale" name="login_email_and_password" time="16.908"/>
  <testcase classname="tests.Test_scrie_ne" name="fisa_test" time="38.477"/>
</testsuite> <!-- Smoke Test -->
