<?xml version="1.0" encoding="UTF-8"?>
<testng-results ignored="0" total="1" passed="1" failed="0" skipped="0">
  <reporter-output>
  </reporter-output>
  <suite started-at="2024-03-22T16:55:34 EET" name="Default Suite" finished-at="2024-03-22T16:55:54 EET" duration-ms="20135">
    <groups>
    </groups>
    <test started-at="2024-03-22T16:55:34 EET" name="TapTasty" finished-at="2024-03-22T16:55:54 EET" duration-ms="20135">
      <class name="taptastytestmenu.AddToCartProductsAndDeleteTwoTest">
        <test-method is-config="true" signature="beforeMethode()[pri:0, instance:taptastytestmenu.AddToCartProductsAndDeleteTwoTest@55322aab]" started-at="2024-03-22T16:55:34 EET" name="beforeMethode" finished-at="2024-03-22T16:55:35 EET" duration-ms="1201" status="PASS">
          <reporter-output>
          </reporter-output>
        </test-method> <!-- beforeMethode -->
        <test-method signature="addToCartProductsAndDeleteTwo()[pri:0, instance:taptastytestmenu.AddToCartProductsAndDeleteTwoTest@55322aab]" started-at="2024-03-22T16:55:35 EET" name="addToCartProductsAndDeleteTwo" finished-at="2024-03-22T16:55:54 EET" duration-ms="18772" status="PASS">
          <reporter-output>
          </reporter-output>
        </test-method> <!-- addToCartProductsAndDeleteTwo -->
        <test-method is-config="true" signature="afterMethode()[pri:0, instance:taptastytestmenu.AddToCartProductsAndDeleteTwoTest@55322aab]" started-at="2024-03-22T16:55:54 EET" name="afterMethode" finished-at="2024-03-22T16:55:54 EET" duration-ms="134" status="PASS">
          <reporter-output>
          </reporter-output>
        </test-method> <!-- afterMethode -->
      </class> <!-- taptastytestmenu.AddToCartProductsAndDeleteTwoTest -->
    </test> <!-- TapTasty -->
  </suite> <!-- Default Suite -->
</testng-results>
